{"meta": {"format": 3, "version": "7.11.0", "timestamp": "2025-11-06T13:01:45.829348", "branch_coverage": true, "show_contexts": false}, "files": {"solutions\\HumanEval_0.py": {"executed_lines": [1, 4, 13, 17, 18, 19, 20, 22, 26], "summary": {"covered_lines": 9, "num_statements": 17, "percent_covered": 62.96296296296296, "percent_covered_display": "63", "missing_lines": 8, "excluded_lines": 0, "num_branches": 10, "num_partial_branches": 2, "covered_branches": 8, "missing_branches": 2}, "missing_lines": [14, 28, 29, 32, 33, 36, 37, 38], "excluded_lines": [], "executed_branches": [[13, 17], [17, 18], [17, 22], [18, 17], [18, 19], [19, 18], [19, 20], [26, -1]], "missing_branches": [[13, 14], [26, 28]], "functions": {"has_close_elements": {"executed_lines": [13, 17, 18, 19, 20, 22], "summary": {"covered_lines": 6, "num_statements": 7, "percent_covered": 86.66666666666667, "percent_covered_display": "87", "missing_lines": 1, "excluded_lines": 0, "num_branches": 8, "num_partial_branches": 1, "covered_branches": 7, "missing_branches": 1}, "missing_lines": [14], "excluded_lines": [], "executed_branches": [[13, 17], [17, 18], [17, 22], [18, 17], [18, 19], [19, 18], [19, 20]], "missing_branches": [[13, 14]]}, "": {"executed_lines": [1, 4, 26], "summary": {"covered_lines": 3, "num_statements": 10, "percent_covered": 33.333333333333336, "percent_covered_display": "33", "missing_lines": 7, "excluded_lines": 0, "num_branches": 2, "num_partial_branches": 1, "covered_branches": 1, "missing_branches": 1}, "missing_lines": [28, 29, 32, 33, 36, 37, 38], "excluded_lines": [], "executed_branches": [[26, -1]], "missing_branches": [[26, 28]]}}, "classes": {"": {"executed_lines": [1, 4, 13, 17, 18, 19, 20, 22, 26], "summary": {"covered_lines": 9, "num_statements": 17, "percent_covered": 62.96296296296296, "percent_covered_display": "63", "missing_lines": 8, "excluded_lines": 0, "num_branches": 10, "num_partial_branches": 2, "covered_branches": 8, "missing_branches": 2}, "missing_lines": [14, 28, 29, 32, 33, 36, 37, 38], "excluded_lines": [], "executed_branches": [[13, 17], [17, 18], [17, 22], [18, 17], [18, 19], [19, 18], [19, 20], [26, -1]], "missing_branches": [[13, 14], [26, 28]]}}}, "solutions\\HumanEval_1.py": {"executed_lines": [1, 4, 13, 16, 19, 20, 21, 23, 24, 25, 26, 27, 28, 29, 32, 33, 34, 36], "summary": {"covered_lines": 18, "num_statements": 19, "percent_covered": 89.65517241379311, "percent_covered_display": "90", "missing_lines": 1, "excluded_lines": 0, "num_branches": 10, "num_partial_branches": 2, "covered_branches": 8, "missing_branches": 2}, "missing_lines": [17], "excluded_lines": [], "executed_branches": [[16, 19], [23, 24], [23, 36], [24, 25], [24, 27], [27, 28], [32, 23], [32, 33]], "missing_branches": [[16, 17], [27, 23]], "functions": {"separate_paren_groups": {"executed_lines": [13, 16, 19, 20, 21, 23, 24, 25, 26, 27, 28, 29, 32, 33, 34, 36], "summary": {"covered_lines": 16, "num_statements": 17, "percent_covered": 88.88888888888889, "percent_covered_display": "89", "missing_lines": 1, "excluded_lines": 0, "num_branches": 10, "num_partial_branches": 2, "covered_branches": 8, "missing_branches": 2}, "missing_lines": [17], "excluded_lines": [], "executed_branches": [[16, 19], [23, 24], [23, 36], [24, 25], [24, 27], [27, 28], [32, 23], [32, 33]], "missing_branches": [[16, 17], [27, 23]]}, "": {"executed_lines": [1, 4], "summary": {"covered_lines": 2, "num_statements": 2, "percent_covered": 100.0, "percent_covered_display": "100", "missing_lines": 0, "excluded_lines": 0, "num_branches": 0, "num_partial_branches": 0, "covered_branches": 0, "missing_branches": 0}, "missing_lines": [], "excluded_lines": [], "executed_branches": [], "missing_branches": []}}, "classes": {"": {"executed_lines": [1, 4, 13, 16, 19, 20, 21, 23, 24, 25, 26, 27, 28, 29, 32, 33, 34, 36], "summary": {"covered_lines": 18, "num_statements": 19, "percent_covered": 89.65517241379311, "percent_covered_display": "90", "missing_lines": 1, "excluded_lines": 0, "num_branches": 10, "num_partial_branches": 2, "covered_branches": 8, "missing_branches": 2}, "missing_lines": [17], "excluded_lines": [], "executed_branches": [[16, 19], [23, 24], [23, 36], [24, 25], [24, 27], [27, 28], [32, 23], [32, 33]], "missing_branches": [[16, 17], [27, 23]]}}}, "solutions\\HumanEval_10.py": {"executed_lines": [1, 3, 6, 19, 20, 24, 25, 26, 29, 31, 39], "summary": {"covered_lines": 11, "num_statements": 20, "percent_covered": 60.714285714285715, "percent_covered_display": "61", "missing_lines": 9, "excluded_lines": 0, "num_branches": 8, "num_partial_branches": 2, "covered_branches": 6, "missing_branches": 2}, "missing_lines": [35, 41, 42, 43, 46, 47, 48, 49, 50], "excluded_lines": [], "executed_branches": [[19, 20], [19, 24], [24, 25], [26, 24], [26, 29], [39, -1]], "missing_branches": [[24, 35], [39, 41]], "functions": {"is_palindrome": {"executed_lines": [3], "summary": {"covered_lines": 1, "num_statements": 1, "percent_covered": 100.0, "percent_covered_display": "100", "missing_lines": 0, "excluded_lines": 0, "num_branches": 0, "num_partial_branches": 0, "covered_branches": 0, "missing_branches": 0}, "missing_lines": [], "excluded_lines": [], "executed_branches": [], "missing_branches": []}, "make_palindrome": {"executed_lines": [19, 20, 24, 25, 26, 29, 31], "summary": {"covered_lines": 7, "num_statements": 8, "percent_covered": 85.71428571428571, "percent_covered_display": "86", "missing_lines": 1, "excluded_lines": 0, "num_branches": 6, "num_partial_branches": 1, "covered_branches": 5, "missing_branches": 1}, "missing_lines": [35], "excluded_lines": [], "executed_branches": [[19, 20], [19, 24], [24, 25], [26, 24], [26, 29]], "missing_branches": [[24, 35]]}, "": {"executed_lines": [1, 6, 39], "summary": {"covered_lines": 3, "num_statements": 11, "percent_covered": 30.76923076923077, "percent_covered_display": "31", "missing_lines": 8, "excluded_lines": 0, "num_branches": 2, "num_partial_branches": 1, "covered_branches": 1, "missing_branches": 1}, "missing_lines": [41, 42, 43, 46, 47, 48, 49, 50], "excluded_lines": [], "executed_branches": [[39, -1]], "missing_branches": [[39, 41]]}}, "classes": {"": {"executed_lines": [1, 3, 6, 19, 20, 24, 25, 26, 29, 31, 39], "summary": {"covered_lines": 11, "num_statements": 20, "percent_covered": 60.714285714285715, "percent_covered_display": "61", "missing_lines": 9, "excluded_lines": 0, "num_branches": 8, "num_partial_branches": 2, "covered_branches": 6, "missing_branches": 2}, "missing_lines": [35, 41, 42, 43, 46, 47, 48, 49, 50], "excluded_lines": [], "executed_branches": [[19, 20], [19, 24], [24, 25], [26, 24], [26, 29], [39, -1]], "missing_branches": [[24, 35], [39, 41]]}}}, "solutions\\HumanEval_11.py": {"executed_lines": [1, 8, 10, 12, 16, 17, 18, 21, 22, 24, 25, 27, 29, 33], "summary": {"covered_lines": 14, "num_statements": 24, "percent_covered": 61.111111111111114, "percent_covered_display": "61", "missing_lines": 10, "excluded_lines": 0, "num_branches": 12, "num_partial_branches": 4, "covered_branches": 8, "missing_branches": 4}, "missing_lines": [9, 11, 13, 35, 38, 39, 40, 41, 42, 43], "excluded_lines": [], "executed_branches": [[8, 10], [10, 12], [12, 16], [22, 24], [22, 29], [24, 25], [24, 27], [33, -1]], "missing_branches": [[8, 9], [10, 11], [12, 13], [33, 35]], "functions": {"string_xor": {"executed_lines": [8, 10, 12, 16, 17, 18, 21, 22, 24, 25, 27, 29], "summary": {"covered_lines": 12, "num_statements": 15, "percent_covered": 76.0, "percent_covered_display": "76", "missing_lines": 3, "excluded_lines": 0, "num_branches": 10, "num_partial_branches": 3, "covered_branches": 7, "missing_branches": 3}, "missing_lines": [9, 11, 13], "excluded_lines": [], "executed_branches": [[8, 10], [10, 12], [12, 16], [22, 24], [22, 29], [24, 25], [24, 27]], "missing_branches": [[8, 9], [10, 11], [12, 13]]}, "": {"executed_lines": [1, 33], "summary": {"covered_lines": 2, "num_statements": 9, "percent_covered": 27.272727272727273, "percent_covered_display": "27", "missing_lines": 7, "excluded_lines": 0, "num_branches": 2, "num_partial_branches": 1, "covered_branches": 1, "missing_branches": 1}, "missing_lines": [35, 38, 39, 40, 41, 42, 43], "excluded_lines": [], "executed_branches": [[33, -1]], "missing_branches": [[33, 35]]}}, "classes": {"": {"executed_lines": [1, 8, 10, 12, 16, 17, 18, 21, 22, 24, 25, 27, 29, 33], "summary": {"covered_lines": 14, "num_statements": 24, "percent_covered": 61.111111111111114, "percent_covered_display": "61", "missing_lines": 10, "excluded_lines": 0, "num_branches": 12, "num_partial_branches": 4, "covered_branches": 8, "missing_branches": 4}, "missing_lines": [9, 11, 13, 35, 38, 39, 40, 41, 42, 43], "excluded_lines": [], "executed_branches": [[8, 10], [10, 12], [12, 16], [22, 24], [22, 29], [24, 25], [24, 27], [33, -1]], "missing_branches": [[8, 9], [10, 11], [12, 13], [33, 35]]}}}, "solutions\\HumanEval_15.py": {"executed_lines": [1, 9, 13], "summary": {"covered_lines": 3, "num_statements": 4, "percent_covered": 66.66666666666667, "percent_covered_display": "67", "missing_lines": 1, "excluded_lines": 0, "num_branches": 2, "num_partial_branches": 1, "covered_branches": 1, "missing_branches": 1}, "missing_lines": [10], "excluded_lines": [], "executed_branches": [[9, 13]], "missing_branches": [[9, 10]], "functions": {"string_sequence": {"executed_lines": [9, 13], "summary": {"covered_lines": 2, "num_statements": 3, "percent_covered": 60.0, "percent_covered_display": "60", "missing_lines": 1, "excluded_lines": 0, "num_branches": 2, "num_partial_branches": 1, "covered_branches": 1, "missing_branches": 1}, "missing_lines": [10], "excluded_lines": [], "executed_branches": [[9, 13]], "missing_branches": [[9, 10]]}, "": {"executed_lines": [1], "summary": {"covered_lines": 1, "num_statements": 1, "percent_covered": 100.0, "percent_covered_display": "100", "missing_lines": 0, "excluded_lines": 0, "num_branches": 0, "num_partial_branches": 0, "covered_branches": 0, "missing_branches": 0}, "missing_lines": [], "excluded_lines": [], "executed_branches": [], "missing_branches": []}}, "classes": {"": {"executed_lines": [1, 9, 13], "summary": {"covered_lines": 3, "num_statements": 4, "percent_covered": 66.66666666666667, "percent_covered_display": "67", "missing_lines": 1, "excluded_lines": 0, "num_branches": 2, "num_partial_branches": 1, "covered_branches": 1, "missing_branches": 1}, "missing_lines": [10], "excluded_lines": [], "executed_branches": [[9, 13]], "missing_branches": [[9, 10]]}}}, "solutions\\HumanEval_2.py": {"executed_lines": [1, 11, 15, 18, 20, 24], "summary": {"covered_lines": 6, "num_statements": 14, "percent_covered": 44.44444444444444, "percent_covered_display": "44", "missing_lines": 8, "excluded_lines": 0, "num_branches": 4, "num_partial_branches": 2, "covered_branches": 2, "missing_branches": 2}, "missing_lines": [12, 26, 27, 28, 29, 30, 33, 34], "excluded_lines": [], "executed_branches": [[11, 15], [24, -1]], "missing_branches": [[11, 12], [24, 26]], "functions": {"truncate_number": {"executed_lines": [11, 15, 18, 20], "summary": {"covered_lines": 4, "num_statements": 5, "percent_covered": 71.42857142857143, "percent_covered_display": "71", "missing_lines": 1, "excluded_lines": 0, "num_branches": 2, "num_partial_branches": 1, "covered_branches": 1, "missing_branches": 1}, "missing_lines": [12], "excluded_lines": [], "executed_branches": [[11, 15]], "missing_branches": [[11, 12]]}, "": {"executed_lines": [1, 24], "summary": {"covered_lines": 2, "num_statements": 9, "percent_covered": 27.272727272727273, "percent_covered_display": "27", "missing_lines": 7, "excluded_lines": 0, "num_branches": 2, "num_partial_branches": 1, "covered_branches": 1, "missing_branches": 1}, "missing_lines": [26, 27, 28, 29, 30, 33, 34], "excluded_lines": [], "executed_branches": [[24, -1]], "missing_branches": [[24, 26]]}}, "classes": {"": {"executed_lines": [1, 11, 15, 18, 20, 24], "summary": {"covered_lines": 6, "num_statements": 14, "percent_covered": 44.44444444444444, "percent_covered_display": "44", "missing_lines": 8, "excluded_lines": 0, "num_branches": 4, "num_partial_branches": 2, "covered_branches": 2, "missing_branches": 2}, "missing_lines": [12, 26, 27, 28, 29, 30, 33, 34], "excluded_lines": [], "executed_branches": [[11, 15], [24, -1]], "missing_branches": [[11, 12], [24, 26]]}}}, "solutions\\HumanEval_20.py": {"executed_lines": [1, 4, 13, 16, 17, 20, 21, 22, 24, 25, 27, 28, 30, 32, 36], "summary": {"covered_lines": 15, "num_statements": 24, "percent_covered": 69.44444444444444, "percent_covered_display": "69", "missing_lines": 9, "excluded_lines": 0, "num_branches": 12, "num_partial_branches": 2, "covered_branches": 10, "missing_branches": 2}, "missing_lines": [14, 38, 39, 42, 43, 46, 47, 49, 50], "excluded_lines": [], "executed_branches": [[13, 16], [20, 21], [20, 32], [21, 20], [21, 22], [24, 21], [24, 25], [27, 28], [27, 30], [36, -1]], "missing_branches": [[13, 14], [36, 38]], "functions": {"find_closest_elements": {"executed_lines": [13, 16, 17, 20, 21, 22, 24, 25, 27, 28, 30, 32], "summary": {"covered_lines": 12, "num_statements": 13, "percent_covered": 91.30434782608695, "percent_covered_display": "91", "missing_lines": 1, "excluded_lines": 0, "num_branches": 10, "num_partial_branches": 1, "covered_branches": 9, "missing_branches": 1}, "missing_lines": [14], "excluded_lines": [], "executed_branches": [[13, 16], [20, 21], [20, 32], [21, 20], [21, 22], [24, 21], [24, 25], [27, 28], [27, 30]], "missing_branches": [[13, 14]]}, "": {"executed_lines": [1, 4, 36], "summary": {"covered_lines": 3, "num_statements": 11, "percent_covered": 30.76923076923077, "percent_covered_display": "31", "missing_lines": 8, "excluded_lines": 0, "num_branches": 2, "num_partial_branches": 1, "covered_branches": 1, "missing_branches": 1}, "missing_lines": [38, 39, 42, 43, 46, 47, 49, 50], "excluded_lines": [], "executed_branches": [[36, -1]], "missing_branches": [[36, 38]]}}, "classes": {"": {"executed_lines": [1, 4, 13, 16, 17, 20, 21, 22, 24, 25, 27, 28, 30, 32, 36], "summary": {"covered_lines": 15, "num_statements": 24, "percent_covered": 69.44444444444444, "percent_covered_display": "69", "missing_lines": 9, "excluded_lines": 0, "num_branches": 12, "num_partial_branches": 2, "covered_branches": 10, "missing_branches": 2}, "missing_lines": [14, 38, 39, 42, 43, 46, 47, 49, 50], "excluded_lines": [], "executed_branches": [[13, 16], [20, 21], [20, 32], [21, 20], [21, 22], [24, 21], [24, 25], [27, 28], [27, 30], [36, -1]], "missing_branches": [[13, 14], [36, 38]]}}}, "solutions\\HumanEval_25.py": {"executed_lines": [1, 4, 16, 19, 22, 23, 24, 27, 28, 29, 30, 31, 32, 35, 36, 38, 42], "summary": {"covered_lines": 17, "num_statements": 25, "percent_covered": 72.97297297297297, "percent_covered_display": "73", "missing_lines": 8, "excluded_lines": 0, "num_branches": 12, "num_partial_branches": 2, "covered_branches": 10, "missing_branches": 2}, "missing_lines": [17, 43, 44, 45, 48, 49, 50, 51], "excluded_lines": [], "executed_branches": [[16, 19], [22, 23], [22, 27], [28, 29], [28, 35], [29, 30], [29, 32], [35, 36], [35, 38], [42, -1]], "missing_branches": [[16, 17], [42, 43]], "functions": {"factorize": {"executed_lines": [16, 19, 22, 23, 24, 27, 28, 29, 30, 31, 32, 35, 36, 38], "summary": {"covered_lines": 14, "num_statements": 15, "percent_covered": 92.0, "percent_covered_display": "92", "missing_lines": 1, "excluded_lines": 0, "num_branches": 10, "num_partial_branches": 1, "covered_branches": 9, "missing_branches": 1}, "missing_lines": [17], "excluded_lines": [], "executed_branches": [[16, 19], [22, 23], [22, 27], [28, 29], [28, 35], [29, 30], [29, 32], [35, 36], [35, 38]], "missing_branches": [[16, 17]]}, "": {"executed_lines": [1, 4, 42], "summary": {"covered_lines": 3, "num_statements": 10, "percent_covered": 33.333333333333336, "percent_covered_display": "33", "missing_lines": 7, "excluded_lines": 0, "num_branches": 2, "num_partial_branches": 1, "covered_branches": 1, "missing_branches": 1}, "missing_lines": [43, 44, 45, 48, 49, 50, 51], "excluded_lines": [], "executed_branches": [[42, -1]], "missing_branches": [[42, 43]]}}, "classes": {"": {"executed_lines": [1, 4, 16, 19, 22, 23, 24, 27, 28, 29, 30, 31, 32, 35, 36, 38, 42], "summary": {"covered_lines": 17, "num_statements": 25, "percent_covered": 72.97297297297297, "percent_covered_display": "73", "missing_lines": 8, "excluded_lines": 0, "num_branches": 12, "num_partial_branches": 2, "covered_branches": 10, "missing_branches": 2}, "missing_lines": [17, 43, 44, 45, 48, 49, 50, 51], "excluded_lines": [], "executed_branches": [[16, 19], [22, 23], [22, 27], [28, 29], [28, 35], [29, 30], [29, 32], [35, 36], [35, 38], [42, -1]], "missing_branches": [[16, 17], [42, 43]]}}}, "solutions\\HumanEval_31.py": {"executed_lines": [1, 3, 21, 22, 25, 29, 30, 33, 34, 35, 37, 39], "summary": {"covered_lines": 12, "num_statements": 15, "percent_covered": 81.48148148148148, "percent_covered_display": "81", "missing_lines": 3, "excluded_lines": 0, "num_branches": 12, "num_partial_branches": 2, "covered_branches": 10, "missing_branches": 2}, "missing_lines": [26, 40, 41], "excluded_lines": [], "executed_branches": [[21, 22], [21, 25], [25, 29], [29, 30], [29, 33], [33, 34], [33, 37], [34, 33], [34, 35], [39, -1]], "missing_branches": [[25, 26], [39, 40]], "functions": {"is_prime": {"executed_lines": [21, 22, 25, 29, 30, 33, 34, 35, 37], "summary": {"covered_lines": 9, "num_statements": 10, "percent_covered": 90.0, "percent_covered_display": "90", "missing_lines": 1, "excluded_lines": 0, "num_branches": 10, "num_partial_branches": 1, "covered_branches": 9, "missing_branches": 1}, "missing_lines": [26], "excluded_lines": [], "executed_branches": [[21, 22], [21, 25], [25, 29], [29, 30], [29, 33], [33, 34], [33, 37], [34, 33], [34, 35]], "missing_branches": [[25, 26]]}, "": {"executed_lines": [1, 3, 39], "summary": {"covered_lines": 3, "num_statements": 5, "percent_covered": 57.142857142857146, "percent_covered_display": "57", "missing_lines": 2, "excluded_lines": 0, "num_branches": 2, "num_partial_branches": 1, "covered_branches": 1, "missing_branches": 1}, "missing_lines": [40, 41], "excluded_lines": [], "executed_branches": [[39, -1]], "missing_branches": [[39, 40]]}}, "classes": {"": {"executed_lines": [1, 3, 21, 22, 25, 29, 30, 33, 34, 35, 37, 39], "summary": {"covered_lines": 12, "num_statements": 15, "percent_covered": 81.48148148148148, "percent_covered_display": "81", "missing_lines": 3, "excluded_lines": 0, "num_branches": 12, "num_partial_branches": 2, "covered_branches": 10, "missing_branches": 2}, "missing_lines": [26, 40, 41], "excluded_lines": [], "executed_branches": [[21, 22], [21, 25], [25, 29], [29, 30], [29, 33], [33, 34], [33, 37], [34, 33], [34, 35], [39, -1]], "missing_branches": [[25, 26], [39, 40]]}}}, "solutions\\HumanEval_54.py": {"executed_lines": [1, 17, 21], "summary": {"covered_lines": 3, "num_statements": 11, "percent_covered": 30.76923076923077, "percent_covered_display": "31", "missing_lines": 8, "excluded_lines": 0, "num_branches": 2, "num_partial_branches": 1, "covered_branches": 1, "missing_branches": 1}, "missing_lines": [22, 23, 26, 27, 28, 29, 30, 31], "excluded_lines": [], "executed_branches": [[21, -1]], "missing_branches": [[21, 22]], "functions": {"same_chars": {"executed_lines": [17], "summary": {"covered_lines": 1, "num_statements": 1, "percent_covered": 100.0, "percent_covered_display": "100", "missing_lines": 0, "excluded_lines": 0, "num_branches": 0, "num_partial_branches": 0, "covered_branches": 0, "missing_branches": 0}, "missing_lines": [], "excluded_lines": [], "executed_branches": [], "missing_branches": []}, "": {"executed_lines": [1, 21], "summary": {"covered_lines": 2, "num_statements": 10, "percent_covered": 25.0, "percent_covered_display": "25", "missing_lines": 8, "excluded_lines": 0, "num_branches": 2, "num_partial_branches": 1, "covered_branches": 1, "missing_branches": 1}, "missing_lines": [22, 23, 26, 27, 28, 29, 30, 31], "excluded_lines": [], "executed_branches": [[21, -1]], "missing_branches": [[21, 22]]}}, "classes": {"": {"executed_lines": [1, 17, 21], "summary": {"covered_lines": 3, "num_statements": 11, "percent_covered": 30.76923076923077, "percent_covered_display": "31", "missing_lines": 8, "excluded_lines": 0, "num_branches": 2, "num_partial_branches": 1, "covered_branches": 1, "missing_branches": 1}, "missing_lines": [22, 23, 26, 27, 28, 29, 30, 31], "excluded_lines": [], "executed_branches": [[21, -1]], "missing_branches": [[21, 22]]}}}}, "totals": {"covered_lines": 108, "num_statements": 173, "percent_covered": 66.92607003891051, "percent_covered_display": "67", "missing_lines": 65, "excluded_lines": 0, "num_branches": 84, "num_partial_branches": 20, "covered_branches": 64, "missing_branches": 20}}